#
# There is insufficient memory for the Java Runtime Environment to continue.
# Native memory allocation (malloc) failed to allocate 977136 bytes for Chunk::new
# Possible reasons:
#   The system is out of physical RAM or swap space
#   In 32 bit mode, the process size limit was hit
# Possible solutions:
#   Reduce memory load on the system
#   Increase physical memory or swap space
#   Check if swap backing store is full
#   Use 64 bit Java on a 64 bit OS
#   Decrease Java heap size (-Xmx/-Xms)
#   Decrease number of Java threads
#   Decrease Java thread stack sizes (-Xss)
#   Set larger code cache with -XX:ReservedCodeCacheSize=
# This output file may be truncated or incomplete.
#
#  Out of Memory Error (allocation.cpp:390), pid=2500, tid=3092
#
# JRE version: Java(TM) SE Runtime Environment (8.0_25-b18) (build 1.8.0_25-b18)
# Java VM: Java HotSpot(TM) 64-Bit Server VM (25.25-b02 mixed mode windows-amd64 compressed oops)
# Failed to write core dump. Minidumps are not enabled by default on client versions of Windows
#

---------------  T H R E A D  ---------------

Current thread (0x0000000014719800):  JavaThread "C2 CompilerThread0" daemon [_thread_in_native, id=3092, stack(0x0000000015c70000,0x0000000015d70000)]

Stack: [0x0000000015c70000,0x0000000015d70000]
Native frames: (J=compiled Java code, j=interpreted, Vv=VM code, C=native code)
V  [jvm.dll+0x31667a]
V  [jvm.dll+0x267073]
V  [jvm.dll+0x267cb3]
V  [jvm.dll+0x25f5b5]
V  [jvm.dll+0xbf165]
V  [jvm.dll+0xbf60c]
V  [jvm.dll+0x45d672]
V  [jvm.dll+0x49e8ef]
V  [jvm.dll+0x452275]
V  [jvm.dll+0x453864]
V  [jvm.dll+0x437372]
V  [jvm.dll+0x98a02]
V  [jvm.dll+0x991f3]
V  [jvm.dll+0x22bde4]
V  [jvm.dll+0x2852fa]
C  [msvcr100.dll+0x21d9f]
C  [msvcr100.dll+0x21e3b]
C  [KERNEL32.DLL+0x15cd]
C  [ntdll.dll+0x743d1]


Current CompileTask:
C2:  17191 2100       4       com.android.dx.ssa.SsaConverter::placePhiFunctions (394 bytes)


---------------  P R O C E S S  ---------------

Java Threads: ( => current thread )
  0x00000000161f7800 JavaThread "pool-1-thread-4" [_thread_in_Java, id=2932, stack(0x0000000016970000,0x0000000016a70000)]
  0x00000000161f2800 JavaThread "pool-1-thread-3" [_thread_in_Java, id=964, stack(0x0000000016870000,0x0000000016970000)]
  0x00000000161f3800 JavaThread "pool-1-thread-2" [_thread_in_native_trans, id=4172, stack(0x0000000016770000,0x0000000016870000)]
  0x00000000161b8000 JavaThread "pool-2-thread-1" [_thread_blocked, id=1076, stack(0x0000000016670000,0x0000000016770000)]
  0x00000000161b1000 JavaThread "pool-1-thread-1" [_thread_blocked, id=2560, stack(0x0000000016570000,0x0000000016670000)]
  0x0000000015f72800 JavaThread "Service Thread" daemon [_thread_blocked, id=1448, stack(0x0000000016370000,0x0000000016470000)]
  0x0000000014770800 JavaThread "C1 CompilerThread2" daemon [_thread_blocked, id=5080, stack(0x0000000015e70000,0x0000000015f70000)]
  0x000000001476d800 JavaThread "C2 CompilerThread1" daemon [_thread_in_native, id=3608, stack(0x0000000015d70000,0x0000000015e70000)]
=>0x0000000014719800 JavaThread "C2 CompilerThread0" daemon [_thread_in_native, id=3092, stack(0x0000000015c70000,0x0000000015d70000)]
  0x0000000014717800 JavaThread "Attach Listener" daemon [_thread_blocked, id=3876, stack(0x0000000015b70000,0x0000000015c70000)]
  0x0000000014725000 JavaThread "Signal Dispatcher" daemon [_thread_blocked, id=1044, stack(0x0000000015a70000,0x0000000015b70000)]
  0x0000000002044000 JavaThread "Finalizer" daemon [_thread_blocked, id=3772, stack(0x0000000015970000,0x0000000015a70000)]
  0x000000000203b000 JavaThread "Reference Handler" daemon [_thread_blocked, id=3632, stack(0x0000000015870000,0x0000000015970000)]
  0x0000000001f50800 JavaThread "main" [_thread_in_Java, id=1836, stack(0x0000000001dc0000,0x0000000001ec0000)]

Other Threads:
  0x00000000146e6000 VMThread [stack: 0x0000000015770000,0x0000000015870000] [id=1364]
  0x0000000015f74800 WatcherThread [stack: 0x0000000016470000,0x0000000016570000] [id=2280]

VM state:not at safepoint (normal execution)

VM Mutex/Monitor currently owned by a thread: None

Heap:
 PSYoungGen      total 141824K, used 95724K [0x00000000eab00000, 0x00000000f4a00000, 0x0000000100000000)
  eden space 128512K, 64% used [0x00000000eab00000,0x00000000efbaadc0,0x00000000f2880000)
  from space 13312K, 98% used [0x00000000f3800000,0x00000000f44d04c0,0x00000000f4500000)
  to   space 15872K, 0% used [0x00000000f2880000,0x00000000f2880000,0x00000000f3800000)
 ParOldGen       total 44032K, used 25041K [0x00000000c0000000, 0x00000000c2b00000, 0x00000000eab00000)
  object space 44032K, 56% used [0x00000000c0000000,0x00000000c1874570,0x00000000c2b00000)
 Metaspace       used 6289K, capacity 7218K, committed 7296K, reserved 1056768K
  class space    used 605K, capacity 618K, committed 640K, reserved 1048576K

Card table byte_map: [0x0000000011410000,0x0000000011620000] byte_map_base: 0x0000000010e10000

Marking Bits: (ParMarkBitMap*) 0x000000007662d490
 Begin Bits: [0x0000000011b80000, 0x0000000012b80000)
 End Bits:   [0x0000000012b80000, 0x0000000013b80000)

Polling page: 0x00000000004d0000

CodeCache: size=245760Kb used=8689Kb max_used=8689Kb free=237070Kb
 bounds [0x0000000002050000, 0x00000000028e0000, 0x0000000011050000]
 total_blobs=2187 nmethods=1922 adapters=178
 compilation: enabled

Compilation events (10 events):
Event: 17.008 Thread 0x0000000014770800 2101       1       com.android.dx.dex.code.BlockAddresses::getStart (7 bytes)
Event: 17.008 Thread 0x0000000014770800 nmethod 2101 0x00000000028c3310 code [0x00000000028c3460, 0x00000000028c3590]
Event: 17.012 Thread 0x0000000014770800 2102   !   2       com.android.dx.cf.code.ExecutionStack::change (116 bytes)
Event: 17.014 Thread 0x0000000014770800 nmethod 2102 0x00000000028c1e10 code [0x00000000028c20a0, 0x00000000028c2a98]
Event: 17.014 Thread 0x0000000014770800 2103       2       com.android.dx.rop.code.Rops::opSub (29 bytes)
Event: 17.014 Thread 0x0000000014770800 nmethod 2103 0x00000000028c1a50 code [0x00000000028c1bc0, 0x00000000028c1d68]
Event: 17.024 Thread 0x0000000014770800 2105       2       com.android.dx.rop.code.SwitchInsn::<init> (49 bytes)
Event: 17.025 Thread 0x0000000014770800 nmethod 2105 0x00000000028c1490 code [0x00000000028c1620, 0x00000000028c18e8]
Event: 17.077 Thread 0x0000000014719800 nmethod 2058 0x00000000028cca50 code [0x00000000028cd500, 0x00000000028cf2f0]
Event: 17.077 Thread 0x0000000014719800 2100       4       com.android.dx.ssa.SsaConverter::placePhiFunctions (394 bytes)

GC Heap History (10 events):
Event: 4.173 GC heap before
{Heap before GC invocations=2 (full 0):
 PSYoungGen      total 18944K, used 18940K [0x00000000eab00000, 0x00000000ed000000, 0x0000000100000000)
  eden space 16384K, 100% used [0x00000000eab00000,0x00000000ebb00000,0x00000000ebb00000)
  from space 2560K, 99% used [0x00000000ebb00000,0x00000000ebd7f100,0x00000000ebd80000)
  to   space 2560K, 0% used [0x00000000ecd80000,0x00000000ecd80000,0x00000000ed000000)
 ParOldGen       total 44032K, used 1796K [0x00000000c0000000, 0x00000000c2b00000, 0x00000000eab00000)
  object space 44032K, 4% used [0x00000000c0000000,0x00000000c01c1090,0x00000000c2b00000)
 Metaspace       used 5860K, capacity 6960K, committed 7040K, reserved 1056768K
  class space    used 585K, capacity 616K, committed 640K, reserved 1048576K
Event: 4.183 GC heap after
Heap after GC invocations=2 (full 0):
 PSYoungGen      total 35328K, used 2541K [0x00000000eab00000, 0x00000000ed000000, 0x0000000100000000)
  eden space 32768K, 0% used [0x00000000eab00000,0x00000000eab00000,0x00000000ecb00000)
  from space 2560K, 99% used [0x00000000ecd80000,0x00000000ecffb470,0x00000000ed000000)
  to   space 2560K, 0% used [0x00000000ecb00000,0x00000000ecb00000,0x00000000ecd80000)
 ParOldGen       total 44032K, used 4234K [0x00000000c0000000, 0x00000000c2b00000, 0x00000000eab00000)
  object space 44032K, 9% used [0x00000000c0000000,0x00000000c04228e0,0x00000000c2b00000)
 Metaspace       used 5860K, capacity 6960K, committed 7040K, reserved 1056768K
  class space    used 585K, capacity 616K, committed 640K, reserved 1048576K
}
Event: 5.969 GC heap before
{Heap before GC invocations=3 (full 0):
 PSYoungGen      total 35328K, used 35309K [0x00000000eab00000, 0x00000000ed000000, 0x0000000100000000)
  eden space 32768K, 100% used [0x00000000eab00000,0x00000000ecb00000,0x00000000ecb00000)
  from space 2560K, 99% used [0x00000000ecd80000,0x00000000ecffb470,0x00000000ed000000)
  to   space 2560K, 0% used [0x00000000ecb00000,0x00000000ecb00000,0x00000000ecd80000)
 ParOldGen       total 44032K, used 4234K [0x00000000c0000000, 0x00000000c2b00000, 0x00000000eab00000)
  object space 44032K, 9% used [0x00000000c0000000,0x00000000c04228e0,0x00000000c2b00000)
 Metaspace       used 6016K, capacity 7088K, committed 7296K, reserved 1056768K
  class space    used 585K, capacity 616K, committed 640K, reserved 1048576K
Event: 6.510 GC heap after
Heap after GC invocations=3 (full 0):
 PSYoungGen      total 35328K, used 2551K [0x00000000eab00000, 0x00000000ef000000, 0x0000000100000000)
  eden space 32768K, 0% used [0x00000000eab00000,0x00000000eab00000,0x00000000ecb00000)
  from space 2560K, 99% used [0x00000000ecb00000,0x00000000ecd7de78,0x00000000ecd80000)
  to   space 2560K, 0% used [0x00000000eed80000,0x00000000eed80000,0x00000000ef000000)
 ParOldGen       total 44032K, used 9366K [0x00000000c0000000, 0x00000000c2b00000, 0x00000000eab00000)
  object space 44032K, 21% used [0x00000000c0000000,0x00000000c09258d0,0x00000000c2b00000)
 Metaspace       used 6016K, capacity 7088K, committed 7296K, reserved 1056768K
  class space    used 585K, capacity 616K, committed 640K, reserved 1048576K
}
Event: 7.946 GC heap before
{Heap before GC invocations=4 (full 0):
 PSYoungGen      total 35328K, used 35319K [0x00000000eab00000, 0x00000000ef000000, 0x0000000100000000)
  eden space 32768K, 100% used [0x00000000eab00000,0x00000000ecb00000,0x00000000ecb00000)
  from space 2560K, 99% used [0x00000000ecb00000,0x00000000ecd7de78,0x00000000ecd80000)
  to   space 2560K, 0% used [0x00000000eed80000,0x00000000eed80000,0x00000000ef000000)
 ParOldGen       total 44032K, used 9366K [0x00000000c0000000, 0x00000000c2b00000, 0x00000000eab00000)
  object space 44032K, 21% used [0x00000000c0000000,0x00000000c09258d0,0x00000000c2b00000)
 Metaspace       used 6063K, capacity 7088K, committed 7296K, reserved 1056768K
  class space    used 585K, capacity 616K, committed 640K, reserved 1048576K
Event: 8.433 GC heap after
Heap after GC invocations=4 (full 0):
 PSYoungGen      total 68096K, used 2535K [0x00000000eab00000, 0x00000000ef000000, 0x0000000100000000)
  eden space 65536K, 0% used [0x00000000eab00000,0x00000000eab00000,0x00000000eeb00000)
  from space 2560K, 99% used [0x00000000eed80000,0x00000000eeff9fd0,0x00000000ef000000)
  to   space 2560K, 0% used [0x00000000eeb00000,0x00000000eeb00000,0x00000000eed80000)
 ParOldGen       total 44032K, used 14445K [0x00000000c0000000, 0x00000000c2b00000, 0x00000000eab00000)
  object space 44032K, 32% used [0x00000000c0000000,0x00000000c0e1b568,0x00000000c2b00000)
 Metaspace       used 6063K, capacity 7088K, committed 7296K, reserved 1056768K
  class space    used 585K, capacity 616K, committed 640K, reserved 1048576K
}
Event: 13.103 GC heap before
{Heap before GC invocations=5 (full 0):
 PSYoungGen      total 68096K, used 68071K [0x00000000eab00000, 0x00000000ef000000, 0x0000000100000000)
  eden space 65536K, 100% used [0x00000000eab00000,0x00000000eeb00000,0x00000000eeb00000)
  from space 2560K, 99% used [0x00000000eed80000,0x00000000eeff9fd0,0x00000000ef000000)
  to   space 2560K, 0% used [0x00000000eeb00000,0x00000000eeb00000,0x00000000eed80000)
 ParOldGen       total 44032K, used 14445K [0x00000000c0000000, 0x00000000c2b00000, 0x00000000eab00000)
  object space 44032K, 32% used [0x00000000c0000000,0x00000000c0e1b568,0x00000000c2b00000)
 Metaspace       used 6111K, capacity 7152K, committed 7296K, reserved 1056768K
  class space    used 586K, capacity 616K, committed 640K, reserved 1048576K
Event: 13.555 GC heap after
Heap after GC invocations=5 (full 0):
 PSYoungGen      total 68096K, used 2549K [0x00000000eab00000, 0x00000000f4500000, 0x0000000100000000)
  eden space 65536K, 0% used [0x00000000eab00000,0x00000000eab00000,0x00000000eeb00000)
  from space 2560K, 99% used [0x00000000eeb00000,0x00000000eed7d640,0x00000000eed80000)
  to   space 13312K, 0% used [0x00000000f3800000,0x00000000f3800000,0x00000000f4500000)
 ParOldGen       total 44032K, used 25041K [0x00000000c0000000, 0x00000000c2b00000, 0x00000000eab00000)
  object space 44032K, 56% used [0x00000000c0000000,0x00000000c1874570,0x00000000c2b00000)
 Metaspace       used 6111K, capacity 7152K, committed 7296K, reserved 1056768K
  class space    used 586K, capacity 616K, committed 640K, reserved 1048576K
}
Event: 15.355 GC heap before
{Heap before GC invocations=6 (full 0):
 PSYoungGen      total 68096K, used 68085K [0x00000000eab00000, 0x00000000f4500000, 0x0000000100000000)
  eden space 65536K, 100% used [0x00000000eab00000,0x00000000eeb00000,0x00000000eeb00000)
  from space 2560K, 99% used [0x00000000eeb00000,0x00000000eed7d640,0x00000000eed80000)
  to   space 13312K, 0% used [0x00000000f3800000,0x00000000f3800000,0x00000000f4500000)
 ParOldGen       total 44032K, used 25041K [0x00000000c0000000, 0x00000000c2b00000, 0x00000000eab00000)
  object space 44032K, 56% used [0x00000000c0000000,0x00000000c1874570,0x00000000c2b00000)
 Metaspace       used 6264K, capacity 7154K, committed 7296K, reserved 1056768K
  class space    used 605K, capacity 618K, committed 640K, reserved 1048576K
Event: 15.865 GC heap after
Heap after GC invocations=6 (full 0):
 PSYoungGen      total 141824K, used 13121K [0x00000000eab00000, 0x00000000f4a00000, 0x0000000100000000)
  eden space 128512K, 0% used [0x00000000eab00000,0x00000000eab00000,0x00000000f2880000)
  from space 13312K, 98% used [0x00000000f3800000,0x00000000f44d04c0,0x00000000f4500000)
  to   space 15872K, 0% used [0x00000000f2880000,0x00000000f2880000,0x00000000f3800000)
 ParOldGen       total 44032K, used 25041K [0x00000000c0000000, 0x00000000c2b00000, 0x00000000eab00000)
  object space 44032K, 56% used [0x00000000c0000000,0x00000000c1874570,0x00000000c2b00000)
 Metaspace       used 6264K, capacity 7154K, committed 7296K, reserved 1056768K
  class space    used 605K, capacity 618K, committed 640K, reserved 1048576K
}

Deoptimization events (10 events):
Event: 14.297 Thread 0x0000000001f50800 Uncommon trap: reason=bimorphic action=maybe_recompile pc=0x00000000027de6dc method=com.android.dx.ssa.LiteralOpUpgrader.tryReplacingWithConstant(Lcom/android/dx/ssa/NormalSsaInsn;)Z @ 62
Event: 14.314 Thread 0x0000000001f50800 Uncommon trap: reason=bimorphic action=maybe_recompile pc=0x00000000027de6dc method=com.android.dx.ssa.LiteralOpUpgrader.tryReplacingWithConstant(Lcom/android/dx/ssa/NormalSsaInsn;)Z @ 62
Event: 14.781 Thread 0x00000000161f2800 Uncommon trap: reason=bimorphic action=maybe_recompile pc=0x0000000002634420 method=com.android.dx.rop.code.RegisterSpec.withSimpleType()Lcom/android/dx/rop/code/RegisterSpec; @ 21
Event: 14.790 Thread 0x00000000161f2800 Uncommon trap: reason=unreached action=reinterpret pc=0x0000000002842f60 method=java.util.HashMap.putVal(ILjava/lang/Object;Ljava/lang/Object;ZZ)Ljava/lang/Object; @ 109
Event: 14.793 Thread 0x00000000161f2800 Uncommon trap: reason=bimorphic action=maybe_recompile pc=0x0000000002634420 method=com.android.dx.rop.code.RegisterSpec.withSimpleType()Lcom/android/dx/rop/code/RegisterSpec; @ 21
Event: 14.823 Thread 0x00000000161f2800 Uncommon trap: reason=bimorphic action=maybe_recompile pc=0x0000000002634420 method=com.android.dx.rop.code.RegisterSpec.withSimpleType()Lcom/android/dx/rop/code/RegisterSpec; @ 21
Event: 15.164 Thread 0x00000000161b1000 Uncommon trap: reason=unreached action=reinterpret pc=0x00000000026b9984 method=java.util.HashMap.putVal(ILjava/lang/Object;Ljava/lang/Object;ZZ)Ljava/lang/Object; @ 109
Event: 15.183 Thread 0x00000000161b1000 Uncommon trap: reason=bimorphic action=maybe_recompile pc=0x0000000002634420 method=com.android.dx.rop.code.RegisterSpec.withSimpleType()Lcom/android/dx/rop/code/RegisterSpec; @ 21
Event: 15.238 Thread 0x00000000161f7800 Uncommon trap: reason=unreached action=reinterpret pc=0x000000000272d38c method=java.util.HashMap.resize()[Ljava/util/HashMap$Node; @ 206
Event: 16.552 Thread 0x00000000161f2800 Uncommon trap: reason=unreached action=reinterpret pc=0x000000000260da4c method=com.android.dx.ssa.MoveParamCombiner$1.visitNonMoveInsn(Lcom/android/dx/ssa/NormalSsaInsn;)V @ 27

Internal exceptions (10 events):
Event: 3.263 Thread 0x0000000001f50800 Exception <a 'java/security/PrivilegedActionException'> (0x00000000eba5a1c8) thrown at [D:\re\workspace\8-2-build-windows-amd64-cygwin\jdk8u25\1677\hotspot\src\share\vm\prims\jvm.cpp, line 1312]
Event: 3.477 Thread 0x0000000001f50800 Exception <a 'java/security/PrivilegedActionException'> (0x00000000eac00db8) thrown at [D:\re\workspace\8-2-build-windows-amd64-cygwin\jdk8u25\1677\hotspot\src\share\vm\prims\jvm.cpp, line 1312]
Event: 3.478 Thread 0x0000000001f50800 Exception <a 'java/security/PrivilegedActionException'> (0x00000000eac034a8) thrown at [D:\re\workspace\8-2-build-windows-amd64-cygwin\jdk8u25\1677\hotspot\src\share\vm\prims\jvm.cpp, line 1312]
Event: 3.532 Thread 0x00000000161b1000 Exception <a 'java/security/PrivilegedActionException'> (0x00000000eae922c8) thrown at [D:\re\workspace\8-2-build-windows-amd64-cygwin\jdk8u25\1677\hotspot\src\share\vm\prims\jvm.cpp, line 1312]
Event: 3.554 Thread 0x00000000161f2800 Exception <a 'java/security/PrivilegedActionException'> (0x00000000eaf3c968) thrown at [D:\re\workspace\8-2-build-windows-amd64-cygwin\jdk8u25\1677\hotspot\src\share\vm\prims\jvm.cpp, line 1312]
Event: 7.299 Thread 0x00000000161f2800 Exception <a 'java/security/PrivilegedActionException'> (0x00000000ebe5d840) thrown at [D:\re\workspace\8-2-build-windows-amd64-cygwin\jdk8u25\1677\hotspot\src\share\vm\prims\jvm.cpp, line 1312]
Event: 8.485 Thread 0x00000000161b1000 Exception <a 'java/security/PrivilegedActionException'> (0x00000000eadadfa8) thrown at [D:\re\workspace\8-2-build-windows-amd64-cygwin\jdk8u25\1677\hotspot\src\share\vm\prims\jvm.cpp, line 1312]
Event: 13.673 Thread 0x00000000161f3800 Exception <a 'java/lang/ArrayIndexOutOfBoundsException': 18> (0x00000000eac06f28) thrown at [D:\re\workspace\8-2-build-windows-amd64-cygwin\jdk8u25\1677\hotspot\src\share\vm\interpreter\interpreterRuntime.cpp, line 366]
Event: 13.674 Thread 0x00000000161f3800 Exception <a 'java/lang/ArrayIndexOutOfBoundsException'> (0x00000000eac089c0) thrown at [D:\re\workspace\8-2-build-windows-amd64-cygwin\jdk8u25\1677\hotspot\src\share\vm\runtime\sharedRuntime.cpp, line 604]
Event: 13.675 Thread 0x00000000161f3800 Exception <a 'java/lang/ArrayIndexOutOfBoundsException'> (0x00000000eac09bd8) thrown at [D:\re\workspace\8-2-build-windows-amd64-cygwin\jdk8u25\1677\hotspot\src\share\vm\runtime\sharedRuntime.cpp, line 604]

Events (10 events):
Event: 16.904 Thread 0x00000000161f7800 DEOPT PACKING pc=0x00000000024c1657 sp=0x0000000016a6e2c0
Event: 16.904 Thread 0x00000000161f7800 DEOPT UNPACKING pc=0x00000000020975bf sp=0x0000000016a6e030 mode 0
Event: 16.904 Thread 0x00000000161f7800 DEOPT PACKING pc=0x00000000024c3b8d sp=0x0000000016a6e360
Event: 16.904 Thread 0x00000000161f7800 DEOPT UNPACKING pc=0x00000000020975bf sp=0x0000000016a6e110 mode 0
Event: 16.912 Thread 0x00000000161f7800 DEOPT PACKING pc=0x00000000024b14f9 sp=0x0000000016a6e3f0
Event: 16.912 Thread 0x00000000161f7800 DEOPT UNPACKING pc=0x00000000020975bf sp=0x0000000016a6e220 mode 0
Event: 17.001 Thread 0x00000000161f2800 DEOPT PACKING pc=0x00000000024b1158 sp=0x000000001696e660
Event: 17.001 Thread 0x00000000161f2800 DEOPT UNPACKING pc=0x00000000020975bf sp=0x000000001696e490 mode 0
Event: 17.023 Thread 0x00000000161f7800 DEOPT PACKING pc=0x0000000002873d15 sp=0x0000000016a6e290
Event: 17.023 Thread 0x00000000161f7800 DEOPT UNPACKING pc=0x00000000020975bf sp=0x0000000016a6dff8 mode 0


Dynamic libraries:
0x00007ff60d740000 - 0x00007ff60d774000 	C:\Program Files\Java\jdk1.8.0_25\bin\java.exe
0x00007ffe8a140000 - 0x00007ffe8a2e9000 	C:\Windows\SYSTEM32\ntdll.dll
0x00007ffe89a60000 - 0x00007ffe89b99000 	C:\Windows\system32\KERNEL32.DLL
0x00007ffe875e0000 - 0x00007ffe876ee000 	C:\Windows\system32\KERNELBASE.dll
0x00007ffe861b0000 - 0x00007ffe8623b000 	C:\Windows\system32\apphelp.dll
0x00007ffe7e470000 - 0x00007ffe7e4bf000 	C:\Windows\AppPatch\AppPatch64\AcGenral.DLL
0x00007ffe89230000 - 0x00007ffe892d7000 	C:\Windows\system32\msvcrt.dll
0x00007ffe87300000 - 0x00007ffe8732b000 	C:\Windows\SYSTEM32\SspiCli.dll
0x00007ffe8a0e0000 - 0x00007ffe8a131000 	C:\Windows\system32\SHLWAPI.dll
0x00007ffe89d40000 - 0x00007ffe89eb1000 	C:\Windows\system32\USER32.dll
0x00007ffe89ef0000 - 0x00007ffe8a066000 	C:\Windows\system32\ole32.dll
0x00007ffe87de0000 - 0x00007ffe891ef000 	C:\Windows\system32\SHELL32.dll
0x00007ffe86ad0000 - 0x00007ffe86aef000 	C:\Windows\SYSTEM32\USERENV.dll
0x00007ffe89950000 - 0x00007ffe899f5000 	C:\Windows\system32\ADVAPI32.dll
0x00007ffe7dad0000 - 0x00007ffe7daeb000 	C:\Windows\SYSTEM32\MPR.dll
0x00007ffe87be0000 - 0x00007ffe87d16000 	C:\Windows\system32\RPCRT4.dll
0x00007ffe8a070000 - 0x00007ffe8a0c7000 	C:\Windows\SYSTEM32\sechost.dll
0x00007ffe89770000 - 0x00007ffe89947000 	C:\Windows\SYSTEM32\combase.dll
0x00007ffe894c0000 - 0x00007ffe89605000 	C:\Windows\system32\GDI32.dll
0x00007ffe874c0000 - 0x00007ffe874d4000 	C:\Windows\SYSTEM32\profapi.dll
0x00007ffe85460000 - 0x00007ffe85501000 	C:\Windows\SYSTEM32\SHCORE.dll
0x00007ffe891f0000 - 0x00007ffe89224000 	C:\Windows\system32\IMM32.DLL
0x00007ffe89ba0000 - 0x00007ffe89cd8000 	C:\Windows\system32\MSCTF.dll
0x00007ffe84a70000 - 0x00007ffe84cca000 	C:\Windows\WinSxS\amd64_microsoft.windows.common-controls_6595b64144ccf1df_6.0.9600.16384_none_62475f7becb72503\COMCTL32.dll
0x0000000075d70000 - 0x0000000075e42000 	C:\Program Files\Java\jdk1.8.0_25\jre\bin\msvcr100.dll
0x0000000075e50000 - 0x00000000766aa000 	C:\Program Files\Java\jdk1.8.0_25\jre\bin\server\jvm.dll
0x00007ffe842f0000 - 0x00007ffe842f9000 	C:\Windows\SYSTEM32\WSOCK32.dll
0x00007ffe7da50000 - 0x00007ffe7da6f000 	C:\Windows\SYSTEM32\WINMM.dll
0x00007ffe89610000 - 0x00007ffe89617000 	C:\Windows\system32\PSAPI.DLL
0x00007ffe879e0000 - 0x00007ffe87a38000 	C:\Windows\system32\WS2_32.dll
0x00007ffe7da20000 - 0x00007ffe7da4a000 	C:\Windows\SYSTEM32\WINMMBASE.dll
0x00007ffe879d0000 - 0x00007ffe879d9000 	C:\Windows\system32\NSI.dll
0x00007ffe87590000 - 0x00007ffe875da000 	C:\Windows\SYSTEM32\cfgmgr32.dll
0x00007ffe86380000 - 0x00007ffe863a6000 	C:\Windows\SYSTEM32\DEVOBJ.dll
0x0000000075d60000 - 0x0000000075d6f000 	C:\Program Files\Java\jdk1.8.0_25\jre\bin\verify.dll
0x0000000075d30000 - 0x0000000075d58000 	C:\Program Files\Java\jdk1.8.0_25\jre\bin\java.dll
0x0000000075d10000 - 0x0000000075d26000 	C:\Program Files\Java\jdk1.8.0_25\jre\bin\zip.dll
0x00007ffe77ae0000 - 0x00007ffe77c68000 	C:\Windows\SYSTEM32\dbghelp.dll

VM Arguments:
jvm_args: -Xmx1024M -Dfile.encoding=windows-1252 -Duser.country=US -Duser.language=en -Duser.variant 
java_command: com.android.dx.command.Main --dex --num-threads=4 --output C:\Users\Anmol\AndroidStudioProjects\CustomListView\app\build\intermediates\pre-dexed\debug\classes-156b015d209d07351ee992691dd2f6127044b89c.jar C:\Users\Anmol\AndroidStudioProjects\CustomListView\app\build\intermediates\exploded-aar\com.android.support\appcompat-v7\23.1.1\jars\classes.jar
java_class_path (initial): C:\Users\Anmol\Downloads\android-sdk\build-tools\23.0.1\lib\dx.jar
Launcher Type: SUN_STANDARD

Environment Variables:
PATH=C:\ProgramData\Oracle\Java\javapath;C:\Python27\;C:\Python27\Scripts;C:\Windows\system32;C:\Windows;C:\Windows\System32\Wbem;C:\Windows\System32\WindowsPowerShell\v1.0\
USERNAME=Anmol
OS=Windows_NT
PROCESSOR_IDENTIFIER=Intel64 Family 6 Model 58 Stepping 9, GenuineIntel



---------------  S Y S T E M  ---------------

OS: Windows 8.1 , 64 bit Build 9600 

CPU:total 4 (2 cores per cpu, 2 threads per core) family 6 model 58 stepping 9, cmov, cx8, fxsr, mmx, sse, sse2, sse3, ssse3, sse4.1, sse4.2, popcnt, avx, aes, clmul, erms, ht, tsc, tscinvbit, tscinv

Memory: 4k page, physical 4066664k(574244k free), swap 4066664k(5148k free)

vm_info: Java HotSpot(TM) 64-Bit Server VM (25.25-b02) for windows-amd64 JRE (1.8.0_25-b18), built on Oct  7 2014 14:25:37 by "java_re" with MS VC++ 10.0 (VS2010)

time: Fri May 06 01:54:23 2016
elapsed time: 17 seconds (0d 0h 0m 17s)

